CRITICAL - 2023-12-06 15:09:54 --> Invalid file: "dashboard.php"
in SYSTEMPATH/Exceptions/FrameworkException.php on line 39.
 1 SYSTEMPATH/View/View.php(216): CodeIgniter\Exceptions\FrameworkException::forInvalidFile('dashboard.php')
 2 SYSTEMPATH/Common.php(1190): CodeIgniter\View\View->render('dashboard', [], true)
 3 APPPATH/Controllers/Home.php(9): view('dashboard')
 4 SYSTEMPATH/CodeIgniter.php(942): App\Controllers\Home->index()
 5 SYSTEMPATH/CodeIgniter.php(502): CodeIgniter\CodeIgniter->runController(Object(App\Controllers\Home))
 6 SYSTEMPATH/CodeIgniter.php(361): CodeIgniter\CodeIgniter->handleRequest(null, Object(Config\Cache), false)
 7 FCPATH/index.php(79): CodeIgniter\CodeIgniter->run()
 8 SYSTEMPATH/Commands/Server/rewrite.php(47): require_once('/Users/macintosh/vscode/webdev/codeigniter/code-igniter-sbadmin/public/index.php')
CRITICAL - 2023-12-06 15:09:54 --> Invalid file: "dashboard.php"
in SYSTEMPATH/Exceptions/FrameworkException.php on line 39.
 1 SYSTEMPATH/View/View.php(216): CodeIgniter\Exceptions\FrameworkException::forInvalidFile('dashboard.php')
 2 SYSTEMPATH/Common.php(1190): CodeIgniter\View\View->render('dashboard', [], true)
 3 APPPATH/Controllers/Home.php(9): view('dashboard')
 4 SYSTEMPATH/CodeIgniter.php(942): App\Controllers\Home->index()
 5 SYSTEMPATH/CodeIgniter.php(502): CodeIgniter\CodeIgniter->runController(Object(App\Controllers\Home))
 6 SYSTEMPATH/CodeIgniter.php(361): CodeIgniter\CodeIgniter->handleRequest(null, Object(Config\Cache), false)
 7 FCPATH/index.php(79): CodeIgniter\CodeIgniter->run()
 8 SYSTEMPATH/Commands/Server/rewrite.php(47): require_once('/Users/macintosh/vscode/webdev/codeigniter/code-igniter-sbadmin/public/index.php')
CRITICAL - 2023-12-06 15:09:56 --> Invalid file: "dashboard.php"
in SYSTEMPATH/Exceptions/FrameworkException.php on line 39.
 1 SYSTEMPATH/View/View.php(216): CodeIgniter\Exceptions\FrameworkException::forInvalidFile('dashboard.php')
 2 SYSTEMPATH/Common.php(1190): CodeIgniter\View\View->render('dashboard', [], true)
 3 APPPATH/Controllers/Home.php(9): view('dashboard')
 4 SYSTEMPATH/CodeIgniter.php(942): App\Controllers\Home->index()
 5 SYSTEMPATH/CodeIgniter.php(502): CodeIgniter\CodeIgniter->runController(Object(App\Controllers\Home))
 6 SYSTEMPATH/CodeIgniter.php(361): CodeIgniter\CodeIgniter->handleRequest(null, Object(Config\Cache), false)
 7 FCPATH/index.php(79): CodeIgniter\CodeIgniter->run()
 8 SYSTEMPATH/Commands/Server/rewrite.php(47): require_once('/Users/macintosh/vscode/webdev/codeigniter/code-igniter-sbadmin/public/index.php')
CRITICAL - 2023-12-06 15:33:22 --> Undefined property: CodeIgniter\View\View::$load
in APPPATH/Views/dashboard.php on line 4.
 1 APPPATH/Views/dashboard.php(4): CodeIgniter\Debug\Exceptions->errorHandler(2, 'Undefined property: CodeIgniter\\View\\View::$load', '/Users/macintosh/vscode/webdev/codeigniter/code-igniter-sbadmin/app/Views/dashboard.php', 4)
 2 SYSTEMPATH/View/View.php(228): include('/Users/macintosh/vscode/webdev/codeigniter/code-igniter-sbadmin/app/Views/dashboard.php')
 3 SYSTEMPATH/View/View.php(231): CodeIgniter\View\View->CodeIgniter\View\{closure}()
 4 SYSTEMPATH/Common.php(1190): CodeIgniter\View\View->render('dashboard', [], true)
 5 APPPATH/Controllers/Home.php(9): view('dashboard')
 6 SYSTEMPATH/CodeIgniter.php(942): App\Controllers\Home->index()
 7 SYSTEMPATH/CodeIgniter.php(502): CodeIgniter\CodeIgniter->runController(Object(App\Controllers\Home))
 8 SYSTEMPATH/CodeIgniter.php(361): CodeIgniter\CodeIgniter->handleRequest(null, Object(Config\Cache), false)
 9 FCPATH/index.php(79): CodeIgniter\CodeIgniter->run()
10 SYSTEMPATH/Commands/Server/rewrite.php(47): require_once('/Users/macintosh/vscode/webdev/codeigniter/code-igniter-sbadmin/public/index.php')
CRITICAL - 2023-12-06 15:33:24 --> Undefined property: CodeIgniter\View\View::$load
in APPPATH/Views/dashboard.php on line 4.
 1 APPPATH/Views/dashboard.php(4): CodeIgniter\Debug\Exceptions->errorHandler(2, 'Undefined property: CodeIgniter\\View\\View::$load', '/Users/macintosh/vscode/webdev/codeigniter/code-igniter-sbadmin/app/Views/dashboard.php', 4)
 2 SYSTEMPATH/View/View.php(228): include('/Users/macintosh/vscode/webdev/codeigniter/code-igniter-sbadmin/app/Views/dashboard.php')
 3 SYSTEMPATH/View/View.php(231): CodeIgniter\View\View->CodeIgniter\View\{closure}()
 4 SYSTEMPATH/Common.php(1190): CodeIgniter\View\View->render('dashboard', [], true)
 5 APPPATH/Controllers/Home.php(9): view('dashboard')
 6 SYSTEMPATH/CodeIgniter.php(942): App\Controllers\Home->index()
 7 SYSTEMPATH/CodeIgniter.php(502): CodeIgniter\CodeIgniter->runController(Object(App\Controllers\Home))
 8 SYSTEMPATH/CodeIgniter.php(361): CodeIgniter\CodeIgniter->handleRequest(null, Object(Config\Cache), false)
 9 FCPATH/index.php(79): CodeIgniter\CodeIgniter->run()
10 SYSTEMPATH/Commands/Server/rewrite.php(47): require_once('/Users/macintosh/vscode/webdev/codeigniter/code-igniter-sbadmin/public/index.php')
CRITICAL - 2023-12-06 15:33:25 --> Undefined property: CodeIgniter\View\View::$load
in APPPATH/Views/dashboard.php on line 4.
 1 APPPATH/Views/dashboard.php(4): CodeIgniter\Debug\Exceptions->errorHandler(2, 'Undefined property: CodeIgniter\\View\\View::$load', '/Users/macintosh/vscode/webdev/codeigniter/code-igniter-sbadmin/app/Views/dashboard.php', 4)
 2 SYSTEMPATH/View/View.php(228): include('/Users/macintosh/vscode/webdev/codeigniter/code-igniter-sbadmin/app/Views/dashboard.php')
 3 SYSTEMPATH/View/View.php(231): CodeIgniter\View\View->CodeIgniter\View\{closure}()
 4 SYSTEMPATH/Common.php(1190): CodeIgniter\View\View->render('dashboard', [], true)
 5 APPPATH/Controllers/Home.php(9): view('dashboard')
 6 SYSTEMPATH/CodeIgniter.php(942): App\Controllers\Home->index()
 7 SYSTEMPATH/CodeIgniter.php(502): CodeIgniter\CodeIgniter->runController(Object(App\Controllers\Home))
 8 SYSTEMPATH/CodeIgniter.php(361): CodeIgniter\CodeIgniter->handleRequest(null, Object(Config\Cache), false)
 9 FCPATH/index.php(79): CodeIgniter\CodeIgniter->run()
10 SYSTEMPATH/Commands/Server/rewrite.php(47): require_once('/Users/macintosh/vscode/webdev/codeigniter/code-igniter-sbadmin/public/index.php')
CRITICAL - 2023-12-06 15:33:40 --> Undefined property: CodeIgniter\View\View::$load
in APPPATH/Views/dashboard.php on line 4.
 1 APPPATH/Views/dashboard.php(4): CodeIgniter\Debug\Exceptions->errorHandler(2, 'Undefined property: CodeIgniter\\View\\View::$load', '/Users/macintosh/vscode/webdev/codeigniter/code-igniter-sbadmin/app/Views/dashboard.php', 4)
 2 SYSTEMPATH/View/View.php(228): include('/Users/macintosh/vscode/webdev/codeigniter/code-igniter-sbadmin/app/Views/dashboard.php')
 3 SYSTEMPATH/View/View.php(231): CodeIgniter\View\View->CodeIgniter\View\{closure}()
 4 SYSTEMPATH/Common.php(1190): CodeIgniter\View\View->render('dashboard', [], true)
 5 APPPATH/Controllers/Home.php(9): view('dashboard')
 6 SYSTEMPATH/CodeIgniter.php(942): App\Controllers\Home->index()
 7 SYSTEMPATH/CodeIgniter.php(502): CodeIgniter\CodeIgniter->runController(Object(App\Controllers\Home))
 8 SYSTEMPATH/CodeIgniter.php(361): CodeIgniter\CodeIgniter->handleRequest(null, Object(Config\Cache), false)
 9 FCPATH/index.php(79): CodeIgniter\CodeIgniter->run()
10 SYSTEMPATH/Commands/Server/rewrite.php(47): require_once('/Users/macintosh/vscode/webdev/codeigniter/code-igniter-sbadmin/public/index.php')
CRITICAL - 2023-12-06 15:33:40 --> Undefined property: CodeIgniter\View\View::$load
in APPPATH/Views/dashboard.php on line 4.
 1 APPPATH/Views/dashboard.php(4): CodeIgniter\Debug\Exceptions->errorHandler(2, 'Undefined property: CodeIgniter\\View\\View::$load', '/Users/macintosh/vscode/webdev/codeigniter/code-igniter-sbadmin/app/Views/dashboard.php', 4)
 2 SYSTEMPATH/View/View.php(228): include('/Users/macintosh/vscode/webdev/codeigniter/code-igniter-sbadmin/app/Views/dashboard.php')
 3 SYSTEMPATH/View/View.php(231): CodeIgniter\View\View->CodeIgniter\View\{closure}()
 4 SYSTEMPATH/Common.php(1190): CodeIgniter\View\View->render('dashboard', [], true)
 5 APPPATH/Controllers/Home.php(9): view('dashboard')
 6 SYSTEMPATH/CodeIgniter.php(942): App\Controllers\Home->index()
 7 SYSTEMPATH/CodeIgniter.php(502): CodeIgniter\CodeIgniter->runController(Object(App\Controllers\Home))
 8 SYSTEMPATH/CodeIgniter.php(361): CodeIgniter\CodeIgniter->handleRequest(null, Object(Config\Cache), false)
 9 FCPATH/index.php(79): CodeIgniter\CodeIgniter->run()
10 SYSTEMPATH/Commands/Server/rewrite.php(47): require_once('/Users/macintosh/vscode/webdev/codeigniter/code-igniter-sbadmin/public/index.php')
CRITICAL - 2023-12-06 15:33:45 --> Undefined property: CodeIgniter\View\View::$load
in APPPATH/Views/dashboard.php on line 4.
 1 APPPATH/Views/dashboard.php(4): CodeIgniter\Debug\Exceptions->errorHandler(2, 'Undefined property: CodeIgniter\\View\\View::$load', '/Users/macintosh/vscode/webdev/codeigniter/code-igniter-sbadmin/app/Views/dashboard.php', 4)
 2 SYSTEMPATH/View/View.php(228): include('/Users/macintosh/vscode/webdev/codeigniter/code-igniter-sbadmin/app/Views/dashboard.php')
 3 SYSTEMPATH/View/View.php(231): CodeIgniter\View\View->CodeIgniter\View\{closure}()
 4 SYSTEMPATH/Common.php(1190): CodeIgniter\View\View->render('dashboard', [], true)
 5 APPPATH/Controllers/Home.php(9): view('dashboard')
 6 SYSTEMPATH/CodeIgniter.php(942): App\Controllers\Home->index()
 7 SYSTEMPATH/CodeIgniter.php(502): CodeIgniter\CodeIgniter->runController(Object(App\Controllers\Home))
 8 SYSTEMPATH/CodeIgniter.php(361): CodeIgniter\CodeIgniter->handleRequest(null, Object(Config\Cache), false)
 9 FCPATH/index.php(79): CodeIgniter\CodeIgniter->run()
10 SYSTEMPATH/Commands/Server/rewrite.php(47): require_once('/Users/macintosh/vscode/webdev/codeigniter/code-igniter-sbadmin/public/index.php')
CRITICAL - 2023-12-06 15:33:45 --> Undefined property: CodeIgniter\View\View::$load
in APPPATH/Views/dashboard.php on line 4.
 1 APPPATH/Views/dashboard.php(4): CodeIgniter\Debug\Exceptions->errorHandler(2, 'Undefined property: CodeIgniter\\View\\View::$load', '/Users/macintosh/vscode/webdev/codeigniter/code-igniter-sbadmin/app/Views/dashboard.php', 4)
 2 SYSTEMPATH/View/View.php(228): include('/Users/macintosh/vscode/webdev/codeigniter/code-igniter-sbadmin/app/Views/dashboard.php')
 3 SYSTEMPATH/View/View.php(231): CodeIgniter\View\View->CodeIgniter\View\{closure}()
 4 SYSTEMPATH/Common.php(1190): CodeIgniter\View\View->render('dashboard', [], true)
 5 APPPATH/Controllers/Home.php(9): view('dashboard')
 6 SYSTEMPATH/CodeIgniter.php(942): App\Controllers\Home->index()
 7 SYSTEMPATH/CodeIgniter.php(502): CodeIgniter\CodeIgniter->runController(Object(App\Controllers\Home))
 8 SYSTEMPATH/CodeIgniter.php(361): CodeIgniter\CodeIgniter->handleRequest(null, Object(Config\Cache), false)
 9 FCPATH/index.php(79): CodeIgniter\CodeIgniter->run()
10 SYSTEMPATH/Commands/Server/rewrite.php(47): require_once('/Users/macintosh/vscode/webdev/codeigniter/code-igniter-sbadmin/public/index.php')
CRITICAL - 2023-12-06 15:33:45 --> Undefined property: CodeIgniter\View\View::$load
in APPPATH/Views/dashboard.php on line 4.
 1 APPPATH/Views/dashboard.php(4): CodeIgniter\Debug\Exceptions->errorHandler(2, 'Undefined property: CodeIgniter\\View\\View::$load', '/Users/macintosh/vscode/webdev/codeigniter/code-igniter-sbadmin/app/Views/dashboard.php', 4)
 2 SYSTEMPATH/View/View.php(228): include('/Users/macintosh/vscode/webdev/codeigniter/code-igniter-sbadmin/app/Views/dashboard.php')
 3 SYSTEMPATH/View/View.php(231): CodeIgniter\View\View->CodeIgniter\View\{closure}()
 4 SYSTEMPATH/Common.php(1190): CodeIgniter\View\View->render('dashboard', [], true)
 5 APPPATH/Controllers/Home.php(9): view('dashboard')
 6 SYSTEMPATH/CodeIgniter.php(942): App\Controllers\Home->index()
 7 SYSTEMPATH/CodeIgniter.php(502): CodeIgniter\CodeIgniter->runController(Object(App\Controllers\Home))
 8 SYSTEMPATH/CodeIgniter.php(361): CodeIgniter\CodeIgniter->handleRequest(null, Object(Config\Cache), false)
 9 FCPATH/index.php(79): CodeIgniter\CodeIgniter->run()
10 SYSTEMPATH/Commands/Server/rewrite.php(47): require_once('/Users/macintosh/vscode/webdev/codeigniter/code-igniter-sbadmin/public/index.php')
CRITICAL - 2023-12-06 15:36:46 --> Undefined property: CodeIgniter\View\View::$load
in APPPATH/Views/dashboard.php on line 15.
 1 APPPATH/Views/dashboard.php(15): CodeIgniter\Debug\Exceptions->errorHandler(2, 'Undefined property: CodeIgniter\\View\\View::$load', '/Users/macintosh/vscode/webdev/codeigniter/code-igniter-sbadmin/app/Views/dashboard.php', 15)
 2 SYSTEMPATH/View/View.php(228): include('/Users/macintosh/vscode/webdev/codeigniter/code-igniter-sbadmin/app/Views/dashboard.php')
 3 SYSTEMPATH/View/View.php(231): CodeIgniter\View\View->CodeIgniter\View\{closure}()
 4 SYSTEMPATH/Common.php(1190): CodeIgniter\View\View->render('dashboard', [], true)
 5 APPPATH/Controllers/Home.php(9): view('dashboard')
 6 SYSTEMPATH/CodeIgniter.php(942): App\Controllers\Home->index()
 7 SYSTEMPATH/CodeIgniter.php(502): CodeIgniter\CodeIgniter->runController(Object(App\Controllers\Home))
 8 SYSTEMPATH/CodeIgniter.php(361): CodeIgniter\CodeIgniter->handleRequest(null, Object(Config\Cache), false)
 9 FCPATH/index.php(79): CodeIgniter\CodeIgniter->run()
10 SYSTEMPATH/Commands/Server/rewrite.php(47): require_once('/Users/macintosh/vscode/webdev/codeigniter/code-igniter-sbadmin/public/index.php')
CRITICAL - 2023-12-06 15:36:46 --> Undefined property: CodeIgniter\View\View::$load
in APPPATH/Views/dashboard.php on line 15.
 1 APPPATH/Views/dashboard.php(15): CodeIgniter\Debug\Exceptions->errorHandler(2, 'Undefined property: CodeIgniter\\View\\View::$load', '/Users/macintosh/vscode/webdev/codeigniter/code-igniter-sbadmin/app/Views/dashboard.php', 15)
 2 SYSTEMPATH/View/View.php(228): include('/Users/macintosh/vscode/webdev/codeigniter/code-igniter-sbadmin/app/Views/dashboard.php')
 3 SYSTEMPATH/View/View.php(231): CodeIgniter\View\View->CodeIgniter\View\{closure}()
 4 SYSTEMPATH/Common.php(1190): CodeIgniter\View\View->render('dashboard', [], true)
 5 APPPATH/Controllers/Home.php(9): view('dashboard')
 6 SYSTEMPATH/CodeIgniter.php(942): App\Controllers\Home->index()
 7 SYSTEMPATH/CodeIgniter.php(502): CodeIgniter\CodeIgniter->runController(Object(App\Controllers\Home))
 8 SYSTEMPATH/CodeIgniter.php(361): CodeIgniter\CodeIgniter->handleRequest(null, Object(Config\Cache), false)
 9 FCPATH/index.php(79): CodeIgniter\CodeIgniter->run()
10 SYSTEMPATH/Commands/Server/rewrite.php(47): require_once('/Users/macintosh/vscode/webdev/codeigniter/code-igniter-sbadmin/public/index.php')
CRITICAL - 2023-12-06 15:36:47 --> Undefined property: CodeIgniter\View\View::$load
in APPPATH/Views/dashboard.php on line 15.
 1 APPPATH/Views/dashboard.php(15): CodeIgniter\Debug\Exceptions->errorHandler(2, 'Undefined property: CodeIgniter\\View\\View::$load', '/Users/macintosh/vscode/webdev/codeigniter/code-igniter-sbadmin/app/Views/dashboard.php', 15)
 2 SYSTEMPATH/View/View.php(228): include('/Users/macintosh/vscode/webdev/codeigniter/code-igniter-sbadmin/app/Views/dashboard.php')
 3 SYSTEMPATH/View/View.php(231): CodeIgniter\View\View->CodeIgniter\View\{closure}()
 4 SYSTEMPATH/Common.php(1190): CodeIgniter\View\View->render('dashboard', [], true)
 5 APPPATH/Controllers/Home.php(9): view('dashboard')
 6 SYSTEMPATH/CodeIgniter.php(942): App\Controllers\Home->index()
 7 SYSTEMPATH/CodeIgniter.php(502): CodeIgniter\CodeIgniter->runController(Object(App\Controllers\Home))
 8 SYSTEMPATH/CodeIgniter.php(361): CodeIgniter\CodeIgniter->handleRequest(null, Object(Config\Cache), false)
 9 FCPATH/index.php(79): CodeIgniter\CodeIgniter->run()
10 SYSTEMPATH/Commands/Server/rewrite.php(47): require_once('/Users/macintosh/vscode/webdev/codeigniter/code-igniter-sbadmin/public/index.php')
CRITICAL - 2023-12-06 15:37:10 --> Undefined property: CodeIgniter\View\View::$load
in APPPATH/Views/dashboard.php on line 15.
 1 APPPATH/Views/dashboard.php(15): CodeIgniter\Debug\Exceptions->errorHandler(2, 'Undefined property: CodeIgniter\\View\\View::$load', '/Users/macintosh/vscode/webdev/codeigniter/code-igniter-sbadmin/app/Views/dashboard.php', 15)
 2 SYSTEMPATH/View/View.php(228): include('/Users/macintosh/vscode/webdev/codeigniter/code-igniter-sbadmin/app/Views/dashboard.php')
 3 SYSTEMPATH/View/View.php(231): CodeIgniter\View\View->CodeIgniter\View\{closure}()
 4 SYSTEMPATH/Common.php(1190): CodeIgniter\View\View->render('dashboard', [], true)
 5 APPPATH/Controllers/Home.php(9): view('dashboard')
 6 SYSTEMPATH/CodeIgniter.php(942): App\Controllers\Home->index()
 7 SYSTEMPATH/CodeIgniter.php(502): CodeIgniter\CodeIgniter->runController(Object(App\Controllers\Home))
 8 SYSTEMPATH/CodeIgniter.php(361): CodeIgniter\CodeIgniter->handleRequest(null, Object(Config\Cache), false)
 9 FCPATH/index.php(79): CodeIgniter\CodeIgniter->run()
10 SYSTEMPATH/Commands/Server/rewrite.php(47): require_once('/Users/macintosh/vscode/webdev/codeigniter/code-igniter-sbadmin/public/index.php')
CRITICAL - 2023-12-06 15:53:23 --> Undefined property: CodeIgniter\View\View::$uri
in APPPATH/Views/_partials/sidebar.php on line 2.
 1 APPPATH/Views/_partials/sidebar.php(2): CodeIgniter\Debug\Exceptions->errorHandler(2, 'Undefined property: CodeIgniter\\View\\View::$uri', '/Users/macintosh/vscode/webdev/codeigniter/code-igniter-sbadmin/app/Views/_partials/sidebar.php', 2)
 2 SYSTEMPATH/View/View.php(228): include('/Users/macintosh/vscode/webdev/codeigniter/code-igniter-sbadmin/app/Views/_partials/sidebar.php')
 3 SYSTEMPATH/View/View.php(231): CodeIgniter\View\View->CodeIgniter\View\{closure}()
 4 SYSTEMPATH/Common.php(1190): CodeIgniter\View\View->render('_partials/sidebar.php', [], true)
 5 APPPATH/Views/dashboard.php(17): view('_partials/sidebar.php')
 6 SYSTEMPATH/View/View.php(228): include('/Users/macintosh/vscode/webdev/codeigniter/code-igniter-sbadmin/app/Views/dashboard.php')
 7 SYSTEMPATH/View/View.php(231): CodeIgniter\View\View->CodeIgniter\View\{closure}()
 8 SYSTEMPATH/Common.php(1190): CodeIgniter\View\View->render('dashboard', [], true)
 9 APPPATH/Controllers/Home.php(9): view('dashboard')
10 SYSTEMPATH/CodeIgniter.php(942): App\Controllers\Home->index()
11 SYSTEMPATH/CodeIgniter.php(502): CodeIgniter\CodeIgniter->runController(Object(App\Controllers\Home))
12 SYSTEMPATH/CodeIgniter.php(361): CodeIgniter\CodeIgniter->handleRequest(null, Object(Config\Cache), false)
13 FCPATH/index.php(79): CodeIgniter\CodeIgniter->run()
14 SYSTEMPATH/Commands/Server/rewrite.php(47): require_once('/Users/macintosh/vscode/webdev/codeigniter/code-igniter-sbadmin/public/index.php')
CRITICAL - 2023-12-06 15:55:32 --> Undefined property: CodeIgniter\View\View::$uri
in APPPATH/Views/_partials/sidebar.php on line 2.
 1 APPPATH/Views/_partials/sidebar.php(2): CodeIgniter\Debug\Exceptions->errorHandler(2, 'Undefined property: CodeIgniter\\View\\View::$uri', '/Users/macintosh/vscode/webdev/codeigniter/code-igniter-sbadmin/app/Views/_partials/sidebar.php', 2)
 2 SYSTEMPATH/View/View.php(228): include('/Users/macintosh/vscode/webdev/codeigniter/code-igniter-sbadmin/app/Views/_partials/sidebar.php')
 3 SYSTEMPATH/View/View.php(231): CodeIgniter\View\View->CodeIgniter\View\{closure}()
 4 SYSTEMPATH/Common.php(1190): CodeIgniter\View\View->render('_partials/sidebar.php', [], true)
 5 APPPATH/Views/dashboard.php(17): view('_partials/sidebar.php')
 6 SYSTEMPATH/View/View.php(228): include('/Users/macintosh/vscode/webdev/codeigniter/code-igniter-sbadmin/app/Views/dashboard.php')
 7 SYSTEMPATH/View/View.php(231): CodeIgniter\View\View->CodeIgniter\View\{closure}()
 8 SYSTEMPATH/Common.php(1190): CodeIgniter\View\View->render('dashboard', [], true)
 9 APPPATH/Controllers/Home.php(9): view('dashboard')
10 SYSTEMPATH/CodeIgniter.php(942): App\Controllers\Home->index()
11 SYSTEMPATH/CodeIgniter.php(502): CodeIgniter\CodeIgniter->runController(Object(App\Controllers\Home))
12 SYSTEMPATH/CodeIgniter.php(361): CodeIgniter\CodeIgniter->handleRequest(null, Object(Config\Cache), false)
13 FCPATH/index.php(79): CodeIgniter\CodeIgniter->run()
14 SYSTEMPATH/Commands/Server/rewrite.php(47): require_once('/Users/macintosh/vscode/webdev/codeigniter/code-igniter-sbadmin/public/index.php')
CRITICAL - 2023-12-06 15:55:35 --> Undefined property: CodeIgniter\View\View::$uri
in APPPATH/Views/_partials/sidebar.php on line 2.
 1 APPPATH/Views/_partials/sidebar.php(2): CodeIgniter\Debug\Exceptions->errorHandler(2, 'Undefined property: CodeIgniter\\View\\View::$uri', '/Users/macintosh/vscode/webdev/codeigniter/code-igniter-sbadmin/app/Views/_partials/sidebar.php', 2)
 2 SYSTEMPATH/View/View.php(228): include('/Users/macintosh/vscode/webdev/codeigniter/code-igniter-sbadmin/app/Views/_partials/sidebar.php')
 3 SYSTEMPATH/View/View.php(231): CodeIgniter\View\View->CodeIgniter\View\{closure}()
 4 SYSTEMPATH/Common.php(1190): CodeIgniter\View\View->render('_partials/sidebar.php', [], true)
 5 APPPATH/Views/dashboard.php(17): view('_partials/sidebar.php')
 6 SYSTEMPATH/View/View.php(228): include('/Users/macintosh/vscode/webdev/codeigniter/code-igniter-sbadmin/app/Views/dashboard.php')
 7 SYSTEMPATH/View/View.php(231): CodeIgniter\View\View->CodeIgniter\View\{closure}()
 8 SYSTEMPATH/Common.php(1190): CodeIgniter\View\View->render('dashboard', [], true)
 9 APPPATH/Controllers/Home.php(9): view('dashboard')
10 SYSTEMPATH/CodeIgniter.php(942): App\Controllers\Home->index()
11 SYSTEMPATH/CodeIgniter.php(502): CodeIgniter\CodeIgniter->runController(Object(App\Controllers\Home))
12 SYSTEMPATH/CodeIgniter.php(361): CodeIgniter\CodeIgniter->handleRequest(null, Object(Config\Cache), false)
13 FCPATH/index.php(79): CodeIgniter\CodeIgniter->run()
14 SYSTEMPATH/Commands/Server/rewrite.php(47): require_once('/Users/macintosh/vscode/webdev/codeigniter/code-igniter-sbadmin/public/index.php')
CRITICAL - 2023-12-06 15:55:35 --> Undefined property: CodeIgniter\View\View::$uri
in APPPATH/Views/_partials/sidebar.php on line 2.
 1 APPPATH/Views/_partials/sidebar.php(2): CodeIgniter\Debug\Exceptions->errorHandler(2, 'Undefined property: CodeIgniter\\View\\View::$uri', '/Users/macintosh/vscode/webdev/codeigniter/code-igniter-sbadmin/app/Views/_partials/sidebar.php', 2)
 2 SYSTEMPATH/View/View.php(228): include('/Users/macintosh/vscode/webdev/codeigniter/code-igniter-sbadmin/app/Views/_partials/sidebar.php')
 3 SYSTEMPATH/View/View.php(231): CodeIgniter\View\View->CodeIgniter\View\{closure}()
 4 SYSTEMPATH/Common.php(1190): CodeIgniter\View\View->render('_partials/sidebar.php', [], true)
 5 APPPATH/Views/dashboard.php(17): view('_partials/sidebar.php')
 6 SYSTEMPATH/View/View.php(228): include('/Users/macintosh/vscode/webdev/codeigniter/code-igniter-sbadmin/app/Views/dashboard.php')
 7 SYSTEMPATH/View/View.php(231): CodeIgniter\View\View->CodeIgniter\View\{closure}()
 8 SYSTEMPATH/Common.php(1190): CodeIgniter\View\View->render('dashboard', [], true)
 9 APPPATH/Controllers/Home.php(9): view('dashboard')
10 SYSTEMPATH/CodeIgniter.php(942): App\Controllers\Home->index()
11 SYSTEMPATH/CodeIgniter.php(502): CodeIgniter\CodeIgniter->runController(Object(App\Controllers\Home))
12 SYSTEMPATH/CodeIgniter.php(361): CodeIgniter\CodeIgniter->handleRequest(null, Object(Config\Cache), false)
13 FCPATH/index.php(79): CodeIgniter\CodeIgniter->run()
14 SYSTEMPATH/Commands/Server/rewrite.php(47): require_once('/Users/macintosh/vscode/webdev/codeigniter/code-igniter-sbadmin/public/index.php')
CRITICAL - 2023-12-06 15:57:01 --> Invalid file: "_partials/layout-sidenav-light.php"
in SYSTEMPATH/Exceptions/FrameworkException.php on line 39.
 1 SYSTEMPATH/View/View.php(216): CodeIgniter\Exceptions\FrameworkException::forInvalidFile('_partials/layout-sidenav-light.php')
 2 SYSTEMPATH/Common.php(1190): CodeIgniter\View\View->render('_partials/layout-sidenav-light.php', [], true)
 3 APPPATH/Views/dashboard.php(17): view('_partials/layout-sidenav-light.php')
 4 SYSTEMPATH/View/View.php(228): include('/Users/macintosh/vscode/webdev/codeigniter/code-igniter-sbadmin/app/Views/dashboard.php')
 5 SYSTEMPATH/View/View.php(231): CodeIgniter\View\View->CodeIgniter\View\{closure}()
 6 SYSTEMPATH/Common.php(1190): CodeIgniter\View\View->render('dashboard', [], true)
 7 APPPATH/Controllers/Home.php(9): view('dashboard')
 8 SYSTEMPATH/CodeIgniter.php(942): App\Controllers\Home->index()
 9 SYSTEMPATH/CodeIgniter.php(502): CodeIgniter\CodeIgniter->runController(Object(App\Controllers\Home))
10 SYSTEMPATH/CodeIgniter.php(361): CodeIgniter\CodeIgniter->handleRequest(null, Object(Config\Cache), false)
11 FCPATH/index.php(79): CodeIgniter\CodeIgniter->run()
12 SYSTEMPATH/Commands/Server/rewrite.php(47): require_once('/Users/macintosh/vscode/webdev/codeigniter/code-igniter-sbadmin/public/index.php')
CRITICAL - 2023-12-06 15:57:01 --> Invalid file: "_partials/layout-sidenav-light.php"
in SYSTEMPATH/Exceptions/FrameworkException.php on line 39.
 1 SYSTEMPATH/View/View.php(216): CodeIgniter\Exceptions\FrameworkException::forInvalidFile('_partials/layout-sidenav-light.php')
 2 SYSTEMPATH/Common.php(1190): CodeIgniter\View\View->render('_partials/layout-sidenav-light.php', [], true)
 3 APPPATH/Views/dashboard.php(17): view('_partials/layout-sidenav-light.php')
 4 SYSTEMPATH/View/View.php(228): include('/Users/macintosh/vscode/webdev/codeigniter/code-igniter-sbadmin/app/Views/dashboard.php')
 5 SYSTEMPATH/View/View.php(231): CodeIgniter\View\View->CodeIgniter\View\{closure}()
 6 SYSTEMPATH/Common.php(1190): CodeIgniter\View\View->render('dashboard', [], true)
 7 APPPATH/Controllers/Home.php(9): view('dashboard')
 8 SYSTEMPATH/CodeIgniter.php(942): App\Controllers\Home->index()
 9 SYSTEMPATH/CodeIgniter.php(502): CodeIgniter\CodeIgniter->runController(Object(App\Controllers\Home))
10 SYSTEMPATH/CodeIgniter.php(361): CodeIgniter\CodeIgniter->handleRequest(null, Object(Config\Cache), false)
11 FCPATH/index.php(79): CodeIgniter\CodeIgniter->run()
12 SYSTEMPATH/Commands/Server/rewrite.php(47): require_once('/Users/macintosh/vscode/webdev/codeigniter/code-igniter-sbadmin/public/index.php')
CRITICAL - 2023-12-06 15:57:01 --> Invalid file: "_partials/layout-sidenav-light.php"
in SYSTEMPATH/Exceptions/FrameworkException.php on line 39.
 1 SYSTEMPATH/View/View.php(216): CodeIgniter\Exceptions\FrameworkException::forInvalidFile('_partials/layout-sidenav-light.php')
 2 SYSTEMPATH/Common.php(1190): CodeIgniter\View\View->render('_partials/layout-sidenav-light.php', [], true)
 3 APPPATH/Views/dashboard.php(17): view('_partials/layout-sidenav-light.php')
 4 SYSTEMPATH/View/View.php(228): include('/Users/macintosh/vscode/webdev/codeigniter/code-igniter-sbadmin/app/Views/dashboard.php')
 5 SYSTEMPATH/View/View.php(231): CodeIgniter\View\View->CodeIgniter\View\{closure}()
 6 SYSTEMPATH/Common.php(1190): CodeIgniter\View\View->render('dashboard', [], true)
 7 APPPATH/Controllers/Home.php(9): view('dashboard')
 8 SYSTEMPATH/CodeIgniter.php(942): App\Controllers\Home->index()
 9 SYSTEMPATH/CodeIgniter.php(502): CodeIgniter\CodeIgniter->runController(Object(App\Controllers\Home))
10 SYSTEMPATH/CodeIgniter.php(361): CodeIgniter\CodeIgniter->handleRequest(null, Object(Config\Cache), false)
11 FCPATH/index.php(79): CodeIgniter\CodeIgniter->run()
12 SYSTEMPATH/Commands/Server/rewrite.php(47): require_once('/Users/macintosh/vscode/webdev/codeigniter/code-igniter-sbadmin/public/index.php')
CRITICAL - 2023-12-06 16:23:17 --> Invalid file: "_partials/scroll-top.php"
in SYSTEMPATH/Exceptions/FrameworkException.php on line 39.
 1 SYSTEMPATH/View/View.php(216): CodeIgniter\Exceptions\FrameworkException::forInvalidFile('_partials/scroll-top.php')
 2 SYSTEMPATH/Common.php(1190): CodeIgniter\View\View->render('_partials/scroll-top.php', [], true)
 3 APPPATH/Views/dashboard.php(683): view('_partials/scroll-top.php')
 4 SYSTEMPATH/View/View.php(228): include('/Users/macintosh/vscode/webdev/codeigniter/code-igniter-sbadmin/app/Views/dashboard.php')
 5 SYSTEMPATH/View/View.php(231): CodeIgniter\View\View->CodeIgniter\View\{closure}()
 6 SYSTEMPATH/Common.php(1190): CodeIgniter\View\View->render('dashboard', [], true)
 7 APPPATH/Controllers/Home.php(9): view('dashboard')
 8 SYSTEMPATH/CodeIgniter.php(942): App\Controllers\Home->index()
 9 SYSTEMPATH/CodeIgniter.php(502): CodeIgniter\CodeIgniter->runController(Object(App\Controllers\Home))
10 SYSTEMPATH/CodeIgniter.php(361): CodeIgniter\CodeIgniter->handleRequest(null, Object(Config\Cache), false)
11 FCPATH/index.php(79): CodeIgniter\CodeIgniter->run()
12 SYSTEMPATH/Commands/Server/rewrite.php(47): require_once('/Users/macintosh/vscode/webdev/codeigniter/code-igniter-sbadmin/public/index.php')
CRITICAL - 2023-12-06 16:23:18 --> Invalid file: "_partials/scroll-top.php"
in SYSTEMPATH/Exceptions/FrameworkException.php on line 39.
 1 SYSTEMPATH/View/View.php(216): CodeIgniter\Exceptions\FrameworkException::forInvalidFile('_partials/scroll-top.php')
 2 SYSTEMPATH/Common.php(1190): CodeIgniter\View\View->render('_partials/scroll-top.php', [], true)
 3 APPPATH/Views/dashboard.php(683): view('_partials/scroll-top.php')
 4 SYSTEMPATH/View/View.php(228): include('/Users/macintosh/vscode/webdev/codeigniter/code-igniter-sbadmin/app/Views/dashboard.php')
 5 SYSTEMPATH/View/View.php(231): CodeIgniter\View\View->CodeIgniter\View\{closure}()
 6 SYSTEMPATH/Common.php(1190): CodeIgniter\View\View->render('dashboard', [], true)
 7 APPPATH/Controllers/Home.php(9): view('dashboard')
 8 SYSTEMPATH/CodeIgniter.php(942): App\Controllers\Home->index()
 9 SYSTEMPATH/CodeIgniter.php(502): CodeIgniter\CodeIgniter->runController(Object(App\Controllers\Home))
10 SYSTEMPATH/CodeIgniter.php(361): CodeIgniter\CodeIgniter->handleRequest(null, Object(Config\Cache), false)
11 FCPATH/index.php(79): CodeIgniter\CodeIgniter->run()
12 SYSTEMPATH/Commands/Server/rewrite.php(47): require_once('/Users/macintosh/vscode/webdev/codeigniter/code-igniter-sbadmin/public/index.php')
CRITICAL - 2023-12-06 16:58:04 --> Undefined property: CodeIgniter\View\View::$uri
in APPPATH/Views/_partials/sidebar.php on line 54.
 1 APPPATH/Views/_partials/sidebar.php(54): CodeIgniter\Debug\Exceptions->errorHandler(2, 'Undefined property: CodeIgniter\\View\\View::$uri', '/Users/macintosh/vscode/webdev/codeigniter/code-igniter-sbadmin/app/Views/_partials/sidebar.php', 54)
 2 SYSTEMPATH/View/View.php(228): include('/Users/macintosh/vscode/webdev/codeigniter/code-igniter-sbadmin/app/Views/_partials/sidebar.php')
 3 SYSTEMPATH/View/View.php(231): CodeIgniter\View\View->CodeIgniter\View\{closure}()
 4 SYSTEMPATH/Common.php(1190): CodeIgniter\View\View->render('_partials/sidebar.php', [], true)
 5 APPPATH/Views/dashboard.php(17): view('_partials/sidebar.php')
 6 SYSTEMPATH/View/View.php(228): include('/Users/macintosh/vscode/webdev/codeigniter/code-igniter-sbadmin/app/Views/dashboard.php')
 7 SYSTEMPATH/View/View.php(231): CodeIgniter\View\View->CodeIgniter\View\{closure}()
 8 SYSTEMPATH/Common.php(1190): CodeIgniter\View\View->render('dashboard', [], true)
 9 APPPATH/Controllers/Home.php(9): view('dashboard')
10 SYSTEMPATH/CodeIgniter.php(942): App\Controllers\Home->index()
11 SYSTEMPATH/CodeIgniter.php(502): CodeIgniter\CodeIgniter->runController(Object(App\Controllers\Home))
12 SYSTEMPATH/CodeIgniter.php(361): CodeIgniter\CodeIgniter->handleRequest(null, Object(Config\Cache), false)
13 FCPATH/index.php(79): CodeIgniter\CodeIgniter->run()
14 SYSTEMPATH/Commands/Server/rewrite.php(47): require_once('/Users/macintosh/vscode/webdev/codeigniter/code-igniter-sbadmin/public/index.php')
CRITICAL - 2023-12-06 16:58:15 --> Undefined property: CodeIgniter\View\View::$uri
in APPPATH/Views/_partials/sidebar.php on line 54.
 1 APPPATH/Views/_partials/sidebar.php(54): CodeIgniter\Debug\Exceptions->errorHandler(2, 'Undefined property: CodeIgniter\\View\\View::$uri', '/Users/macintosh/vscode/webdev/codeigniter/code-igniter-sbadmin/app/Views/_partials/sidebar.php', 54)
 2 SYSTEMPATH/View/View.php(228): include('/Users/macintosh/vscode/webdev/codeigniter/code-igniter-sbadmin/app/Views/_partials/sidebar.php')
 3 SYSTEMPATH/View/View.php(231): CodeIgniter\View\View->CodeIgniter\View\{closure}()
 4 SYSTEMPATH/Common.php(1190): CodeIgniter\View\View->render('_partials/sidebar.php', [], true)
 5 APPPATH/Views/dashboard.php(17): view('_partials/sidebar.php')
 6 SYSTEMPATH/View/View.php(228): include('/Users/macintosh/vscode/webdev/codeigniter/code-igniter-sbadmin/app/Views/dashboard.php')
 7 SYSTEMPATH/View/View.php(231): CodeIgniter\View\View->CodeIgniter\View\{closure}()
 8 SYSTEMPATH/Common.php(1190): CodeIgniter\View\View->render('dashboard', [], true)
 9 APPPATH/Controllers/Home.php(9): view('dashboard')
10 SYSTEMPATH/CodeIgniter.php(942): App\Controllers\Home->index()
11 SYSTEMPATH/CodeIgniter.php(502): CodeIgniter\CodeIgniter->runController(Object(App\Controllers\Home))
12 SYSTEMPATH/CodeIgniter.php(361): CodeIgniter\CodeIgniter->handleRequest(null, Object(Config\Cache), false)
13 FCPATH/index.php(79): CodeIgniter\CodeIgniter->run()
14 SYSTEMPATH/Commands/Server/rewrite.php(47): require_once('/Users/macintosh/vscode/webdev/codeigniter/code-igniter-sbadmin/public/index.php')
CRITICAL - 2023-12-06 16:58:16 --> Undefined property: CodeIgniter\View\View::$uri
in APPPATH/Views/_partials/sidebar.php on line 54.
 1 APPPATH/Views/_partials/sidebar.php(54): CodeIgniter\Debug\Exceptions->errorHandler(2, 'Undefined property: CodeIgniter\\View\\View::$uri', '/Users/macintosh/vscode/webdev/codeigniter/code-igniter-sbadmin/app/Views/_partials/sidebar.php', 54)
 2 SYSTEMPATH/View/View.php(228): include('/Users/macintosh/vscode/webdev/codeigniter/code-igniter-sbadmin/app/Views/_partials/sidebar.php')
 3 SYSTEMPATH/View/View.php(231): CodeIgniter\View\View->CodeIgniter\View\{closure}()
 4 SYSTEMPATH/Common.php(1190): CodeIgniter\View\View->render('_partials/sidebar.php', [], true)
 5 APPPATH/Views/dashboard.php(17): view('_partials/sidebar.php')
 6 SYSTEMPATH/View/View.php(228): include('/Users/macintosh/vscode/webdev/codeigniter/code-igniter-sbadmin/app/Views/dashboard.php')
 7 SYSTEMPATH/View/View.php(231): CodeIgniter\View\View->CodeIgniter\View\{closure}()
 8 SYSTEMPATH/Common.php(1190): CodeIgniter\View\View->render('dashboard', [], true)
 9 APPPATH/Controllers/Home.php(9): view('dashboard')
10 SYSTEMPATH/CodeIgniter.php(942): App\Controllers\Home->index()
11 SYSTEMPATH/CodeIgniter.php(502): CodeIgniter\CodeIgniter->runController(Object(App\Controllers\Home))
12 SYSTEMPATH/CodeIgniter.php(361): CodeIgniter\CodeIgniter->handleRequest(null, Object(Config\Cache), false)
13 FCPATH/index.php(79): CodeIgniter\CodeIgniter->run()
14 SYSTEMPATH/Commands/Server/rewrite.php(47): require_once('/Users/macintosh/vscode/webdev/codeigniter/code-igniter-sbadmin/public/index.php')
CRITICAL - 2023-12-06 16:58:16 --> Undefined property: CodeIgniter\View\View::$uri
in APPPATH/Views/_partials/sidebar.php on line 54.
 1 APPPATH/Views/_partials/sidebar.php(54): CodeIgniter\Debug\Exceptions->errorHandler(2, 'Undefined property: CodeIgniter\\View\\View::$uri', '/Users/macintosh/vscode/webdev/codeigniter/code-igniter-sbadmin/app/Views/_partials/sidebar.php', 54)
 2 SYSTEMPATH/View/View.php(228): include('/Users/macintosh/vscode/webdev/codeigniter/code-igniter-sbadmin/app/Views/_partials/sidebar.php')
 3 SYSTEMPATH/View/View.php(231): CodeIgniter\View\View->CodeIgniter\View\{closure}()
 4 SYSTEMPATH/Common.php(1190): CodeIgniter\View\View->render('_partials/sidebar.php', [], true)
 5 APPPATH/Views/dashboard.php(17): view('_partials/sidebar.php')
 6 SYSTEMPATH/View/View.php(228): include('/Users/macintosh/vscode/webdev/codeigniter/code-igniter-sbadmin/app/Views/dashboard.php')
 7 SYSTEMPATH/View/View.php(231): CodeIgniter\View\View->CodeIgniter\View\{closure}()
 8 SYSTEMPATH/Common.php(1190): CodeIgniter\View\View->render('dashboard', [], true)
 9 APPPATH/Controllers/Home.php(9): view('dashboard')
10 SYSTEMPATH/CodeIgniter.php(942): App\Controllers\Home->index()
11 SYSTEMPATH/CodeIgniter.php(502): CodeIgniter\CodeIgniter->runController(Object(App\Controllers\Home))
12 SYSTEMPATH/CodeIgniter.php(361): CodeIgniter\CodeIgniter->handleRequest(null, Object(Config\Cache), false)
13 FCPATH/index.php(79): CodeIgniter\CodeIgniter->run()
14 SYSTEMPATH/Commands/Server/rewrite.php(47): require_once('/Users/macintosh/vscode/webdev/codeigniter/code-igniter-sbadmin/public/index.php')
CRITICAL - 2023-12-06 16:58:21 --> Undefined property: CodeIgniter\View\View::$uri
in APPPATH/Views/_partials/sidebar.php on line 55.
 1 APPPATH/Views/_partials/sidebar.php(55): CodeIgniter\Debug\Exceptions->errorHandler(2, 'Undefined property: CodeIgniter\\View\\View::$uri', '/Users/macintosh/vscode/webdev/codeigniter/code-igniter-sbadmin/app/Views/_partials/sidebar.php', 55)
 2 SYSTEMPATH/View/View.php(228): include('/Users/macintosh/vscode/webdev/codeigniter/code-igniter-sbadmin/app/Views/_partials/sidebar.php')
 3 SYSTEMPATH/View/View.php(231): CodeIgniter\View\View->CodeIgniter\View\{closure}()
 4 SYSTEMPATH/Common.php(1190): CodeIgniter\View\View->render('_partials/sidebar.php', [], true)
 5 APPPATH/Views/dashboard.php(17): view('_partials/sidebar.php')
 6 SYSTEMPATH/View/View.php(228): include('/Users/macintosh/vscode/webdev/codeigniter/code-igniter-sbadmin/app/Views/dashboard.php')
 7 SYSTEMPATH/View/View.php(231): CodeIgniter\View\View->CodeIgniter\View\{closure}()
 8 SYSTEMPATH/Common.php(1190): CodeIgniter\View\View->render('dashboard', [], true)
 9 APPPATH/Controllers/Home.php(9): view('dashboard')
10 SYSTEMPATH/CodeIgniter.php(942): App\Controllers\Home->index()
11 SYSTEMPATH/CodeIgniter.php(502): CodeIgniter\CodeIgniter->runController(Object(App\Controllers\Home))
12 SYSTEMPATH/CodeIgniter.php(361): CodeIgniter\CodeIgniter->handleRequest(null, Object(Config\Cache), false)
13 FCPATH/index.php(79): CodeIgniter\CodeIgniter->run()
14 SYSTEMPATH/Commands/Server/rewrite.php(47): require_once('/Users/macintosh/vscode/webdev/codeigniter/code-igniter-sbadmin/public/index.php')
CRITICAL - 2023-12-06 16:58:22 --> Undefined property: CodeIgniter\View\View::$uri
in APPPATH/Views/_partials/sidebar.php on line 55.
 1 APPPATH/Views/_partials/sidebar.php(55): CodeIgniter\Debug\Exceptions->errorHandler(2, 'Undefined property: CodeIgniter\\View\\View::$uri', '/Users/macintosh/vscode/webdev/codeigniter/code-igniter-sbadmin/app/Views/_partials/sidebar.php', 55)
 2 SYSTEMPATH/View/View.php(228): include('/Users/macintosh/vscode/webdev/codeigniter/code-igniter-sbadmin/app/Views/_partials/sidebar.php')
 3 SYSTEMPATH/View/View.php(231): CodeIgniter\View\View->CodeIgniter\View\{closure}()
 4 SYSTEMPATH/Common.php(1190): CodeIgniter\View\View->render('_partials/sidebar.php', [], true)
 5 APPPATH/Views/dashboard.php(17): view('_partials/sidebar.php')
 6 SYSTEMPATH/View/View.php(228): include('/Users/macintosh/vscode/webdev/codeigniter/code-igniter-sbadmin/app/Views/dashboard.php')
 7 SYSTEMPATH/View/View.php(231): CodeIgniter\View\View->CodeIgniter\View\{closure}()
 8 SYSTEMPATH/Common.php(1190): CodeIgniter\View\View->render('dashboard', [], true)
 9 APPPATH/Controllers/Home.php(9): view('dashboard')
10 SYSTEMPATH/CodeIgniter.php(942): App\Controllers\Home->index()
11 SYSTEMPATH/CodeIgniter.php(502): CodeIgniter\CodeIgniter->runController(Object(App\Controllers\Home))
12 SYSTEMPATH/CodeIgniter.php(361): CodeIgniter\CodeIgniter->handleRequest(null, Object(Config\Cache), false)
13 FCPATH/index.php(79): CodeIgniter\CodeIgniter->run()
14 SYSTEMPATH/Commands/Server/rewrite.php(47): require_once('/Users/macintosh/vscode/webdev/codeigniter/code-igniter-sbadmin/public/index.php')
CRITICAL - 2023-12-06 16:58:22 --> Undefined property: CodeIgniter\View\View::$uri
in APPPATH/Views/_partials/sidebar.php on line 55.
 1 APPPATH/Views/_partials/sidebar.php(55): CodeIgniter\Debug\Exceptions->errorHandler(2, 'Undefined property: CodeIgniter\\View\\View::$uri', '/Users/macintosh/vscode/webdev/codeigniter/code-igniter-sbadmin/app/Views/_partials/sidebar.php', 55)
 2 SYSTEMPATH/View/View.php(228): include('/Users/macintosh/vscode/webdev/codeigniter/code-igniter-sbadmin/app/Views/_partials/sidebar.php')
 3 SYSTEMPATH/View/View.php(231): CodeIgniter\View\View->CodeIgniter\View\{closure}()
 4 SYSTEMPATH/Common.php(1190): CodeIgniter\View\View->render('_partials/sidebar.php', [], true)
 5 APPPATH/Views/dashboard.php(17): view('_partials/sidebar.php')
 6 SYSTEMPATH/View/View.php(228): include('/Users/macintosh/vscode/webdev/codeigniter/code-igniter-sbadmin/app/Views/dashboard.php')
 7 SYSTEMPATH/View/View.php(231): CodeIgniter\View\View->CodeIgniter\View\{closure}()
 8 SYSTEMPATH/Common.php(1190): CodeIgniter\View\View->render('dashboard', [], true)
 9 APPPATH/Controllers/Home.php(9): view('dashboard')
10 SYSTEMPATH/CodeIgniter.php(942): App\Controllers\Home->index()
11 SYSTEMPATH/CodeIgniter.php(502): CodeIgniter\CodeIgniter->runController(Object(App\Controllers\Home))
12 SYSTEMPATH/CodeIgniter.php(361): CodeIgniter\CodeIgniter->handleRequest(null, Object(Config\Cache), false)
13 FCPATH/index.php(79): CodeIgniter\CodeIgniter->run()
14 SYSTEMPATH/Commands/Server/rewrite.php(47): require_once('/Users/macintosh/vscode/webdev/codeigniter/code-igniter-sbadmin/public/index.php')
CRITICAL - 2023-12-06 16:58:22 --> Undefined property: CodeIgniter\View\View::$uri
in APPPATH/Views/_partials/sidebar.php on line 55.
 1 APPPATH/Views/_partials/sidebar.php(55): CodeIgniter\Debug\Exceptions->errorHandler(2, 'Undefined property: CodeIgniter\\View\\View::$uri', '/Users/macintosh/vscode/webdev/codeigniter/code-igniter-sbadmin/app/Views/_partials/sidebar.php', 55)
 2 SYSTEMPATH/View/View.php(228): include('/Users/macintosh/vscode/webdev/codeigniter/code-igniter-sbadmin/app/Views/_partials/sidebar.php')
 3 SYSTEMPATH/View/View.php(231): CodeIgniter\View\View->CodeIgniter\View\{closure}()
 4 SYSTEMPATH/Common.php(1190): CodeIgniter\View\View->render('_partials/sidebar.php', [], true)
 5 APPPATH/Views/dashboard.php(17): view('_partials/sidebar.php')
 6 SYSTEMPATH/View/View.php(228): include('/Users/macintosh/vscode/webdev/codeigniter/code-igniter-sbadmin/app/Views/dashboard.php')
 7 SYSTEMPATH/View/View.php(231): CodeIgniter\View\View->CodeIgniter\View\{closure}()
 8 SYSTEMPATH/Common.php(1190): CodeIgniter\View\View->render('dashboard', [], true)
 9 APPPATH/Controllers/Home.php(9): view('dashboard')
10 SYSTEMPATH/CodeIgniter.php(942): App\Controllers\Home->index()
11 SYSTEMPATH/CodeIgniter.php(502): CodeIgniter\CodeIgniter->runController(Object(App\Controllers\Home))
12 SYSTEMPATH/CodeIgniter.php(361): CodeIgniter\CodeIgniter->handleRequest(null, Object(Config\Cache), false)
13 FCPATH/index.php(79): CodeIgniter\CodeIgniter->run()
14 SYSTEMPATH/Commands/Server/rewrite.php(47): require_once('/Users/macintosh/vscode/webdev/codeigniter/code-igniter-sbadmin/public/index.php')
CRITICAL - 2023-12-06 16:58:33 --> Undefined property: CodeIgniter\View\View::$uri
in APPPATH/Views/_partials/sidebar.php on line 54.
 1 APPPATH/Views/_partials/sidebar.php(54): CodeIgniter\Debug\Exceptions->errorHandler(2, 'Undefined property: CodeIgniter\\View\\View::$uri', '/Users/macintosh/vscode/webdev/codeigniter/code-igniter-sbadmin/app/Views/_partials/sidebar.php', 54)
 2 SYSTEMPATH/View/View.php(228): include('/Users/macintosh/vscode/webdev/codeigniter/code-igniter-sbadmin/app/Views/_partials/sidebar.php')
 3 SYSTEMPATH/View/View.php(231): CodeIgniter\View\View->CodeIgniter\View\{closure}()
 4 SYSTEMPATH/Common.php(1190): CodeIgniter\View\View->render('_partials/sidebar.php', [], true)
 5 APPPATH/Views/dashboard.php(17): view('_partials/sidebar.php')
 6 SYSTEMPATH/View/View.php(228): include('/Users/macintosh/vscode/webdev/codeigniter/code-igniter-sbadmin/app/Views/dashboard.php')
 7 SYSTEMPATH/View/View.php(231): CodeIgniter\View\View->CodeIgniter\View\{closure}()
 8 SYSTEMPATH/Common.php(1190): CodeIgniter\View\View->render('dashboard', [], true)
 9 APPPATH/Controllers/Home.php(9): view('dashboard')
10 SYSTEMPATH/CodeIgniter.php(942): App\Controllers\Home->index()
11 SYSTEMPATH/CodeIgniter.php(502): CodeIgniter\CodeIgniter->runController(Object(App\Controllers\Home))
12 SYSTEMPATH/CodeIgniter.php(361): CodeIgniter\CodeIgniter->handleRequest(null, Object(Config\Cache), false)
13 FCPATH/index.php(79): CodeIgniter\CodeIgniter->run()
14 SYSTEMPATH/Commands/Server/rewrite.php(47): require_once('/Users/macintosh/vscode/webdev/codeigniter/code-igniter-sbadmin/public/index.php')
CRITICAL - 2023-12-06 16:58:34 --> Undefined property: CodeIgniter\View\View::$uri
in APPPATH/Views/_partials/sidebar.php on line 54.
 1 APPPATH/Views/_partials/sidebar.php(54): CodeIgniter\Debug\Exceptions->errorHandler(2, 'Undefined property: CodeIgniter\\View\\View::$uri', '/Users/macintosh/vscode/webdev/codeigniter/code-igniter-sbadmin/app/Views/_partials/sidebar.php', 54)
 2 SYSTEMPATH/View/View.php(228): include('/Users/macintosh/vscode/webdev/codeigniter/code-igniter-sbadmin/app/Views/_partials/sidebar.php')
 3 SYSTEMPATH/View/View.php(231): CodeIgniter\View\View->CodeIgniter\View\{closure}()
 4 SYSTEMPATH/Common.php(1190): CodeIgniter\View\View->render('_partials/sidebar.php', [], true)
 5 APPPATH/Views/dashboard.php(17): view('_partials/sidebar.php')
 6 SYSTEMPATH/View/View.php(228): include('/Users/macintosh/vscode/webdev/codeigniter/code-igniter-sbadmin/app/Views/dashboard.php')
 7 SYSTEMPATH/View/View.php(231): CodeIgniter\View\View->CodeIgniter\View\{closure}()
 8 SYSTEMPATH/Common.php(1190): CodeIgniter\View\View->render('dashboard', [], true)
 9 APPPATH/Controllers/Home.php(9): view('dashboard')
10 SYSTEMPATH/CodeIgniter.php(942): App\Controllers\Home->index()
11 SYSTEMPATH/CodeIgniter.php(502): CodeIgniter\CodeIgniter->runController(Object(App\Controllers\Home))
12 SYSTEMPATH/CodeIgniter.php(361): CodeIgniter\CodeIgniter->handleRequest(null, Object(Config\Cache), false)
13 FCPATH/index.php(79): CodeIgniter\CodeIgniter->run()
14 SYSTEMPATH/Commands/Server/rewrite.php(47): require_once('/Users/macintosh/vscode/webdev/codeigniter/code-igniter-sbadmin/public/index.php')
CRITICAL - 2023-12-06 16:59:02 --> Undefined property: CodeIgniter\View\View::$uri
in APPPATH/Views/_partials/sidebar.php on line 54.
 1 APPPATH/Views/_partials/sidebar.php(54): CodeIgniter\Debug\Exceptions->errorHandler(2, 'Undefined property: CodeIgniter\\View\\View::$uri', '/Users/macintosh/vscode/webdev/codeigniter/code-igniter-sbadmin/app/Views/_partials/sidebar.php', 54)
 2 SYSTEMPATH/View/View.php(228): include('/Users/macintosh/vscode/webdev/codeigniter/code-igniter-sbadmin/app/Views/_partials/sidebar.php')
 3 SYSTEMPATH/View/View.php(231): CodeIgniter\View\View->CodeIgniter\View\{closure}()
 4 SYSTEMPATH/Common.php(1190): CodeIgniter\View\View->render('_partials/sidebar.php', [], true)
 5 APPPATH/Views/dashboard.php(17): view('_partials/sidebar.php')
 6 SYSTEMPATH/View/View.php(228): include('/Users/macintosh/vscode/webdev/codeigniter/code-igniter-sbadmin/app/Views/dashboard.php')
 7 SYSTEMPATH/View/View.php(231): CodeIgniter\View\View->CodeIgniter\View\{closure}()
 8 SYSTEMPATH/Common.php(1190): CodeIgniter\View\View->render('dashboard', [], true)
 9 APPPATH/Controllers/Home.php(9): view('dashboard')
10 SYSTEMPATH/CodeIgniter.php(942): App\Controllers\Home->index()
11 SYSTEMPATH/CodeIgniter.php(502): CodeIgniter\CodeIgniter->runController(Object(App\Controllers\Home))
12 SYSTEMPATH/CodeIgniter.php(361): CodeIgniter\CodeIgniter->handleRequest(null, Object(Config\Cache), false)
13 FCPATH/index.php(79): CodeIgniter\CodeIgniter->run()
14 SYSTEMPATH/Commands/Server/rewrite.php(47): require_once('/Users/macintosh/vscode/webdev/codeigniter/code-igniter-sbadmin/public/index.php')
CRITICAL - 2023-12-06 17:00:33 --> Undefined property: CodeIgniter\View\View::$uri
in APPPATH/Views/_partials/sidebar.php on line 55.
 1 APPPATH/Views/_partials/sidebar.php(55): CodeIgniter\Debug\Exceptions->errorHandler(2, 'Undefined property: CodeIgniter\\View\\View::$uri', '/Users/macintosh/vscode/webdev/codeigniter/code-igniter-sbadmin/app/Views/_partials/sidebar.php', 55)
 2 SYSTEMPATH/View/View.php(228): include('/Users/macintosh/vscode/webdev/codeigniter/code-igniter-sbadmin/app/Views/_partials/sidebar.php')
 3 SYSTEMPATH/View/View.php(231): CodeIgniter\View\View->CodeIgniter\View\{closure}()
 4 SYSTEMPATH/Common.php(1190): CodeIgniter\View\View->render('_partials/sidebar.php', [], true)
 5 APPPATH/Views/dashboard.php(17): view('_partials/sidebar.php')
 6 SYSTEMPATH/View/View.php(228): include('/Users/macintosh/vscode/webdev/codeigniter/code-igniter-sbadmin/app/Views/dashboard.php')
 7 SYSTEMPATH/View/View.php(231): CodeIgniter\View\View->CodeIgniter\View\{closure}()
 8 SYSTEMPATH/Common.php(1190): CodeIgniter\View\View->render('dashboard', [], true)
 9 APPPATH/Controllers/Home.php(9): view('dashboard')
10 SYSTEMPATH/CodeIgniter.php(942): App\Controllers\Home->index()
11 SYSTEMPATH/CodeIgniter.php(502): CodeIgniter\CodeIgniter->runController(Object(App\Controllers\Home))
12 SYSTEMPATH/CodeIgniter.php(361): CodeIgniter\CodeIgniter->handleRequest(null, Object(Config\Cache), false)
13 FCPATH/index.php(79): CodeIgniter\CodeIgniter->run()
14 SYSTEMPATH/Commands/Server/rewrite.php(47): require_once('/Users/macintosh/vscode/webdev/codeigniter/code-igniter-sbadmin/public/index.php')
CRITICAL - 2023-12-06 17:00:33 --> Undefined property: CodeIgniter\View\View::$uri
in APPPATH/Views/_partials/sidebar.php on line 55.
 1 APPPATH/Views/_partials/sidebar.php(55): CodeIgniter\Debug\Exceptions->errorHandler(2, 'Undefined property: CodeIgniter\\View\\View::$uri', '/Users/macintosh/vscode/webdev/codeigniter/code-igniter-sbadmin/app/Views/_partials/sidebar.php', 55)
 2 SYSTEMPATH/View/View.php(228): include('/Users/macintosh/vscode/webdev/codeigniter/code-igniter-sbadmin/app/Views/_partials/sidebar.php')
 3 SYSTEMPATH/View/View.php(231): CodeIgniter\View\View->CodeIgniter\View\{closure}()
 4 SYSTEMPATH/Common.php(1190): CodeIgniter\View\View->render('_partials/sidebar.php', [], true)
 5 APPPATH/Views/dashboard.php(17): view('_partials/sidebar.php')
 6 SYSTEMPATH/View/View.php(228): include('/Users/macintosh/vscode/webdev/codeigniter/code-igniter-sbadmin/app/Views/dashboard.php')
 7 SYSTEMPATH/View/View.php(231): CodeIgniter\View\View->CodeIgniter\View\{closure}()
 8 SYSTEMPATH/Common.php(1190): CodeIgniter\View\View->render('dashboard', [], true)
 9 APPPATH/Controllers/Home.php(9): view('dashboard')
10 SYSTEMPATH/CodeIgniter.php(942): App\Controllers\Home->index()
11 SYSTEMPATH/CodeIgniter.php(502): CodeIgniter\CodeIgniter->runController(Object(App\Controllers\Home))
12 SYSTEMPATH/CodeIgniter.php(361): CodeIgniter\CodeIgniter->handleRequest(null, Object(Config\Cache), false)
13 FCPATH/index.php(79): CodeIgniter\CodeIgniter->run()
14 SYSTEMPATH/Commands/Server/rewrite.php(47): require_once('/Users/macintosh/vscode/webdev/codeigniter/code-igniter-sbadmin/public/index.php')
CRITICAL - 2023-12-06 17:00:33 --> Undefined property: CodeIgniter\View\View::$uri
in APPPATH/Views/_partials/sidebar.php on line 55.
 1 APPPATH/Views/_partials/sidebar.php(55): CodeIgniter\Debug\Exceptions->errorHandler(2, 'Undefined property: CodeIgniter\\View\\View::$uri', '/Users/macintosh/vscode/webdev/codeigniter/code-igniter-sbadmin/app/Views/_partials/sidebar.php', 55)
 2 SYSTEMPATH/View/View.php(228): include('/Users/macintosh/vscode/webdev/codeigniter/code-igniter-sbadmin/app/Views/_partials/sidebar.php')
 3 SYSTEMPATH/View/View.php(231): CodeIgniter\View\View->CodeIgniter\View\{closure}()
 4 SYSTEMPATH/Common.php(1190): CodeIgniter\View\View->render('_partials/sidebar.php', [], true)
 5 APPPATH/Views/dashboard.php(17): view('_partials/sidebar.php')
 6 SYSTEMPATH/View/View.php(228): include('/Users/macintosh/vscode/webdev/codeigniter/code-igniter-sbadmin/app/Views/dashboard.php')
 7 SYSTEMPATH/View/View.php(231): CodeIgniter\View\View->CodeIgniter\View\{closure}()
 8 SYSTEMPATH/Common.php(1190): CodeIgniter\View\View->render('dashboard', [], true)
 9 APPPATH/Controllers/Home.php(9): view('dashboard')
10 SYSTEMPATH/CodeIgniter.php(942): App\Controllers\Home->index()
11 SYSTEMPATH/CodeIgniter.php(502): CodeIgniter\CodeIgniter->runController(Object(App\Controllers\Home))
12 SYSTEMPATH/CodeIgniter.php(361): CodeIgniter\CodeIgniter->handleRequest(null, Object(Config\Cache), false)
13 FCPATH/index.php(79): CodeIgniter\CodeIgniter->run()
14 SYSTEMPATH/Commands/Server/rewrite.php(47): require_once('/Users/macintosh/vscode/webdev/codeigniter/code-igniter-sbadmin/public/index.php')
CRITICAL - 2023-12-06 17:00:33 --> Undefined property: CodeIgniter\View\View::$uri
in APPPATH/Views/_partials/sidebar.php on line 55.
 1 APPPATH/Views/_partials/sidebar.php(55): CodeIgniter\Debug\Exceptions->errorHandler(2, 'Undefined property: CodeIgniter\\View\\View::$uri', '/Users/macintosh/vscode/webdev/codeigniter/code-igniter-sbadmin/app/Views/_partials/sidebar.php', 55)
 2 SYSTEMPATH/View/View.php(228): include('/Users/macintosh/vscode/webdev/codeigniter/code-igniter-sbadmin/app/Views/_partials/sidebar.php')
 3 SYSTEMPATH/View/View.php(231): CodeIgniter\View\View->CodeIgniter\View\{closure}()
 4 SYSTEMPATH/Common.php(1190): CodeIgniter\View\View->render('_partials/sidebar.php', [], true)
 5 APPPATH/Views/dashboard.php(17): view('_partials/sidebar.php')
 6 SYSTEMPATH/View/View.php(228): include('/Users/macintosh/vscode/webdev/codeigniter/code-igniter-sbadmin/app/Views/dashboard.php')
 7 SYSTEMPATH/View/View.php(231): CodeIgniter\View\View->CodeIgniter\View\{closure}()
 8 SYSTEMPATH/Common.php(1190): CodeIgniter\View\View->render('dashboard', [], true)
 9 APPPATH/Controllers/Home.php(9): view('dashboard')
10 SYSTEMPATH/CodeIgniter.php(942): App\Controllers\Home->index()
11 SYSTEMPATH/CodeIgniter.php(502): CodeIgniter\CodeIgniter->runController(Object(App\Controllers\Home))
12 SYSTEMPATH/CodeIgniter.php(361): CodeIgniter\CodeIgniter->handleRequest(null, Object(Config\Cache), false)
13 FCPATH/index.php(79): CodeIgniter\CodeIgniter->run()
14 SYSTEMPATH/Commands/Server/rewrite.php(47): require_once('/Users/macintosh/vscode/webdev/codeigniter/code-igniter-sbadmin/public/index.php')
CRITICAL - 2023-12-06 17:00:33 --> Undefined property: CodeIgniter\View\View::$uri
in APPPATH/Views/_partials/sidebar.php on line 55.
 1 APPPATH/Views/_partials/sidebar.php(55): CodeIgniter\Debug\Exceptions->errorHandler(2, 'Undefined property: CodeIgniter\\View\\View::$uri', '/Users/macintosh/vscode/webdev/codeigniter/code-igniter-sbadmin/app/Views/_partials/sidebar.php', 55)
 2 SYSTEMPATH/View/View.php(228): include('/Users/macintosh/vscode/webdev/codeigniter/code-igniter-sbadmin/app/Views/_partials/sidebar.php')
 3 SYSTEMPATH/View/View.php(231): CodeIgniter\View\View->CodeIgniter\View\{closure}()
 4 SYSTEMPATH/Common.php(1190): CodeIgniter\View\View->render('_partials/sidebar.php', [], true)
 5 APPPATH/Views/dashboard.php(17): view('_partials/sidebar.php')
 6 SYSTEMPATH/View/View.php(228): include('/Users/macintosh/vscode/webdev/codeigniter/code-igniter-sbadmin/app/Views/dashboard.php')
 7 SYSTEMPATH/View/View.php(231): CodeIgniter\View\View->CodeIgniter\View\{closure}()
 8 SYSTEMPATH/Common.php(1190): CodeIgniter\View\View->render('dashboard', [], true)
 9 APPPATH/Controllers/Home.php(9): view('dashboard')
10 SYSTEMPATH/CodeIgniter.php(942): App\Controllers\Home->index()
11 SYSTEMPATH/CodeIgniter.php(502): CodeIgniter\CodeIgniter->runController(Object(App\Controllers\Home))
12 SYSTEMPATH/CodeIgniter.php(361): CodeIgniter\CodeIgniter->handleRequest(null, Object(Config\Cache), false)
13 FCPATH/index.php(79): CodeIgniter\CodeIgniter->run()
14 SYSTEMPATH/Commands/Server/rewrite.php(47): require_once('/Users/macintosh/vscode/webdev/codeigniter/code-igniter-sbadmin/public/index.php')
CRITICAL - 2023-12-06 17:03:26 --> Undefined property: CodeIgniter\View\View::$uri
in APPPATH/Views/_partials/sidebar.php on line 54.
 1 APPPATH/Views/_partials/sidebar.php(54): CodeIgniter\Debug\Exceptions->errorHandler(2, 'Undefined property: CodeIgniter\\View\\View::$uri', '/Users/macintosh/vscode/webdev/codeigniter/code-igniter-sbadmin/app/Views/_partials/sidebar.php', 54)
 2 SYSTEMPATH/View/View.php(228): include('/Users/macintosh/vscode/webdev/codeigniter/code-igniter-sbadmin/app/Views/_partials/sidebar.php')
 3 SYSTEMPATH/View/View.php(231): CodeIgniter\View\View->CodeIgniter\View\{closure}()
 4 SYSTEMPATH/Common.php(1190): CodeIgniter\View\View->render('_partials/sidebar.php', [], true)
 5 APPPATH/Views/dashboard.php(17): view('_partials/sidebar.php')
 6 SYSTEMPATH/View/View.php(228): include('/Users/macintosh/vscode/webdev/codeigniter/code-igniter-sbadmin/app/Views/dashboard.php')
 7 SYSTEMPATH/View/View.php(231): CodeIgniter\View\View->CodeIgniter\View\{closure}()
 8 SYSTEMPATH/Common.php(1190): CodeIgniter\View\View->render('dashboard', [], true)
 9 APPPATH/Controllers/Home.php(9): view('dashboard')
10 SYSTEMPATH/CodeIgniter.php(942): App\Controllers\Home->index()
11 SYSTEMPATH/CodeIgniter.php(502): CodeIgniter\CodeIgniter->runController(Object(App\Controllers\Home))
12 SYSTEMPATH/CodeIgniter.php(361): CodeIgniter\CodeIgniter->handleRequest(null, Object(Config\Cache), false)
13 FCPATH/index.php(79): CodeIgniter\CodeIgniter->run()
14 SYSTEMPATH/Commands/Server/rewrite.php(47): require_once('/Users/macintosh/vscode/webdev/codeigniter/code-igniter-sbadmin/public/index.php')
CRITICAL - 2023-12-06 17:03:27 --> Undefined property: CodeIgniter\View\View::$uri
in APPPATH/Views/_partials/sidebar.php on line 54.
 1 APPPATH/Views/_partials/sidebar.php(54): CodeIgniter\Debug\Exceptions->errorHandler(2, 'Undefined property: CodeIgniter\\View\\View::$uri', '/Users/macintosh/vscode/webdev/codeigniter/code-igniter-sbadmin/app/Views/_partials/sidebar.php', 54)
 2 SYSTEMPATH/View/View.php(228): include('/Users/macintosh/vscode/webdev/codeigniter/code-igniter-sbadmin/app/Views/_partials/sidebar.php')
 3 SYSTEMPATH/View/View.php(231): CodeIgniter\View\View->CodeIgniter\View\{closure}()
 4 SYSTEMPATH/Common.php(1190): CodeIgniter\View\View->render('_partials/sidebar.php', [], true)
 5 APPPATH/Views/dashboard.php(17): view('_partials/sidebar.php')
 6 SYSTEMPATH/View/View.php(228): include('/Users/macintosh/vscode/webdev/codeigniter/code-igniter-sbadmin/app/Views/dashboard.php')
 7 SYSTEMPATH/View/View.php(231): CodeIgniter\View\View->CodeIgniter\View\{closure}()
 8 SYSTEMPATH/Common.php(1190): CodeIgniter\View\View->render('dashboard', [], true)
 9 APPPATH/Controllers/Home.php(9): view('dashboard')
10 SYSTEMPATH/CodeIgniter.php(942): App\Controllers\Home->index()
11 SYSTEMPATH/CodeIgniter.php(502): CodeIgniter\CodeIgniter->runController(Object(App\Controllers\Home))
12 SYSTEMPATH/CodeIgniter.php(361): CodeIgniter\CodeIgniter->handleRequest(null, Object(Config\Cache), false)
13 FCPATH/index.php(79): CodeIgniter\CodeIgniter->run()
14 SYSTEMPATH/Commands/Server/rewrite.php(47): require_once('/Users/macintosh/vscode/webdev/codeigniter/code-igniter-sbadmin/public/index.php')
CRITICAL - 2023-12-06 17:05:18 --> Undefined property: CodeIgniter\View\View::$uri
in APPPATH/Views/_partials/sidebar.php on line 54.
 1 APPPATH/Views/_partials/sidebar.php(54): CodeIgniter\Debug\Exceptions->errorHandler(2, 'Undefined property: CodeIgniter\\View\\View::$uri', '/Users/macintosh/vscode/webdev/codeigniter/code-igniter-sbadmin/app/Views/_partials/sidebar.php', 54)
 2 SYSTEMPATH/View/View.php(228): include('/Users/macintosh/vscode/webdev/codeigniter/code-igniter-sbadmin/app/Views/_partials/sidebar.php')
 3 SYSTEMPATH/View/View.php(231): CodeIgniter\View\View->CodeIgniter\View\{closure}()
 4 SYSTEMPATH/Common.php(1190): CodeIgniter\View\View->render('_partials/sidebar.php', [], true)
 5 APPPATH/Views/dashboard.php(17): view('_partials/sidebar.php')
 6 SYSTEMPATH/View/View.php(228): include('/Users/macintosh/vscode/webdev/codeigniter/code-igniter-sbadmin/app/Views/dashboard.php')
 7 SYSTEMPATH/View/View.php(231): CodeIgniter\View\View->CodeIgniter\View\{closure}()
 8 SYSTEMPATH/Common.php(1190): CodeIgniter\View\View->render('dashboard', [], true)
 9 APPPATH/Controllers/Home.php(9): view('dashboard')
10 SYSTEMPATH/CodeIgniter.php(942): App\Controllers\Home->index()
11 SYSTEMPATH/CodeIgniter.php(502): CodeIgniter\CodeIgniter->runController(Object(App\Controllers\Home))
12 SYSTEMPATH/CodeIgniter.php(361): CodeIgniter\CodeIgniter->handleRequest(null, Object(Config\Cache), false)
13 FCPATH/index.php(79): CodeIgniter\CodeIgniter->run()
14 SYSTEMPATH/Commands/Server/rewrite.php(47): require_once('/Users/macintosh/vscode/webdev/codeigniter/code-igniter-sbadmin/public/index.php')
CRITICAL - 2023-12-06 17:05:18 --> Undefined property: CodeIgniter\View\View::$uri
in APPPATH/Views/_partials/sidebar.php on line 54.
 1 APPPATH/Views/_partials/sidebar.php(54): CodeIgniter\Debug\Exceptions->errorHandler(2, 'Undefined property: CodeIgniter\\View\\View::$uri', '/Users/macintosh/vscode/webdev/codeigniter/code-igniter-sbadmin/app/Views/_partials/sidebar.php', 54)
 2 SYSTEMPATH/View/View.php(228): include('/Users/macintosh/vscode/webdev/codeigniter/code-igniter-sbadmin/app/Views/_partials/sidebar.php')
 3 SYSTEMPATH/View/View.php(231): CodeIgniter\View\View->CodeIgniter\View\{closure}()
 4 SYSTEMPATH/Common.php(1190): CodeIgniter\View\View->render('_partials/sidebar.php', [], true)
 5 APPPATH/Views/dashboard.php(17): view('_partials/sidebar.php')
 6 SYSTEMPATH/View/View.php(228): include('/Users/macintosh/vscode/webdev/codeigniter/code-igniter-sbadmin/app/Views/dashboard.php')
 7 SYSTEMPATH/View/View.php(231): CodeIgniter\View\View->CodeIgniter\View\{closure}()
 8 SYSTEMPATH/Common.php(1190): CodeIgniter\View\View->render('dashboard', [], true)
 9 APPPATH/Controllers/Home.php(9): view('dashboard')
10 SYSTEMPATH/CodeIgniter.php(942): App\Controllers\Home->index()
11 SYSTEMPATH/CodeIgniter.php(502): CodeIgniter\CodeIgniter->runController(Object(App\Controllers\Home))
12 SYSTEMPATH/CodeIgniter.php(361): CodeIgniter\CodeIgniter->handleRequest(null, Object(Config\Cache), false)
13 FCPATH/index.php(79): CodeIgniter\CodeIgniter->run()
14 SYSTEMPATH/Commands/Server/rewrite.php(47): require_once('/Users/macintosh/vscode/webdev/codeigniter/code-igniter-sbadmin/public/index.php')
CRITICAL - 2023-12-06 17:05:18 --> Undefined property: CodeIgniter\View\View::$uri
in APPPATH/Views/_partials/sidebar.php on line 54.
 1 APPPATH/Views/_partials/sidebar.php(54): CodeIgniter\Debug\Exceptions->errorHandler(2, 'Undefined property: CodeIgniter\\View\\View::$uri', '/Users/macintosh/vscode/webdev/codeigniter/code-igniter-sbadmin/app/Views/_partials/sidebar.php', 54)
 2 SYSTEMPATH/View/View.php(228): include('/Users/macintosh/vscode/webdev/codeigniter/code-igniter-sbadmin/app/Views/_partials/sidebar.php')
 3 SYSTEMPATH/View/View.php(231): CodeIgniter\View\View->CodeIgniter\View\{closure}()
 4 SYSTEMPATH/Common.php(1190): CodeIgniter\View\View->render('_partials/sidebar.php', [], true)
 5 APPPATH/Views/dashboard.php(17): view('_partials/sidebar.php')
 6 SYSTEMPATH/View/View.php(228): include('/Users/macintosh/vscode/webdev/codeigniter/code-igniter-sbadmin/app/Views/dashboard.php')
 7 SYSTEMPATH/View/View.php(231): CodeIgniter\View\View->CodeIgniter\View\{closure}()
 8 SYSTEMPATH/Common.php(1190): CodeIgniter\View\View->render('dashboard', [], true)
 9 APPPATH/Controllers/Home.php(9): view('dashboard')
10 SYSTEMPATH/CodeIgniter.php(942): App\Controllers\Home->index()
11 SYSTEMPATH/CodeIgniter.php(502): CodeIgniter\CodeIgniter->runController(Object(App\Controllers\Home))
12 SYSTEMPATH/CodeIgniter.php(361): CodeIgniter\CodeIgniter->handleRequest(null, Object(Config\Cache), false)
13 FCPATH/index.php(79): CodeIgniter\CodeIgniter->run()
14 SYSTEMPATH/Commands/Server/rewrite.php(47): require_once('/Users/macintosh/vscode/webdev/codeigniter/code-igniter-sbadmin/public/index.php')
CRITICAL - 2023-12-06 17:05:26 --> Undefined property: CodeIgniter\View\View::$url
in APPPATH/Views/_partials/sidebar.php on line 54.
 1 APPPATH/Views/_partials/sidebar.php(54): CodeIgniter\Debug\Exceptions->errorHandler(2, 'Undefined property: CodeIgniter\\View\\View::$url', '/Users/macintosh/vscode/webdev/codeigniter/code-igniter-sbadmin/app/Views/_partials/sidebar.php', 54)
 2 SYSTEMPATH/View/View.php(228): include('/Users/macintosh/vscode/webdev/codeigniter/code-igniter-sbadmin/app/Views/_partials/sidebar.php')
 3 SYSTEMPATH/View/View.php(231): CodeIgniter\View\View->CodeIgniter\View\{closure}()
 4 SYSTEMPATH/Common.php(1190): CodeIgniter\View\View->render('_partials/sidebar.php', [], true)
 5 APPPATH/Views/dashboard.php(17): view('_partials/sidebar.php')
 6 SYSTEMPATH/View/View.php(228): include('/Users/macintosh/vscode/webdev/codeigniter/code-igniter-sbadmin/app/Views/dashboard.php')
 7 SYSTEMPATH/View/View.php(231): CodeIgniter\View\View->CodeIgniter\View\{closure}()
 8 SYSTEMPATH/Common.php(1190): CodeIgniter\View\View->render('dashboard', [], true)
 9 APPPATH/Controllers/Home.php(9): view('dashboard')
10 SYSTEMPATH/CodeIgniter.php(942): App\Controllers\Home->index()
11 SYSTEMPATH/CodeIgniter.php(502): CodeIgniter\CodeIgniter->runController(Object(App\Controllers\Home))
12 SYSTEMPATH/CodeIgniter.php(361): CodeIgniter\CodeIgniter->handleRequest(null, Object(Config\Cache), false)
13 FCPATH/index.php(79): CodeIgniter\CodeIgniter->run()
14 SYSTEMPATH/Commands/Server/rewrite.php(47): require_once('/Users/macintosh/vscode/webdev/codeigniter/code-igniter-sbadmin/public/index.php')
CRITICAL - 2023-12-06 17:05:26 --> Undefined property: CodeIgniter\View\View::$url
in APPPATH/Views/_partials/sidebar.php on line 54.
 1 APPPATH/Views/_partials/sidebar.php(54): CodeIgniter\Debug\Exceptions->errorHandler(2, 'Undefined property: CodeIgniter\\View\\View::$url', '/Users/macintosh/vscode/webdev/codeigniter/code-igniter-sbadmin/app/Views/_partials/sidebar.php', 54)
 2 SYSTEMPATH/View/View.php(228): include('/Users/macintosh/vscode/webdev/codeigniter/code-igniter-sbadmin/app/Views/_partials/sidebar.php')
 3 SYSTEMPATH/View/View.php(231): CodeIgniter\View\View->CodeIgniter\View\{closure}()
 4 SYSTEMPATH/Common.php(1190): CodeIgniter\View\View->render('_partials/sidebar.php', [], true)
 5 APPPATH/Views/dashboard.php(17): view('_partials/sidebar.php')
 6 SYSTEMPATH/View/View.php(228): include('/Users/macintosh/vscode/webdev/codeigniter/code-igniter-sbadmin/app/Views/dashboard.php')
 7 SYSTEMPATH/View/View.php(231): CodeIgniter\View\View->CodeIgniter\View\{closure}()
 8 SYSTEMPATH/Common.php(1190): CodeIgniter\View\View->render('dashboard', [], true)
 9 APPPATH/Controllers/Home.php(9): view('dashboard')
10 SYSTEMPATH/CodeIgniter.php(942): App\Controllers\Home->index()
11 SYSTEMPATH/CodeIgniter.php(502): CodeIgniter\CodeIgniter->runController(Object(App\Controllers\Home))
12 SYSTEMPATH/CodeIgniter.php(361): CodeIgniter\CodeIgniter->handleRequest(null, Object(Config\Cache), false)
13 FCPATH/index.php(79): CodeIgniter\CodeIgniter->run()
14 SYSTEMPATH/Commands/Server/rewrite.php(47): require_once('/Users/macintosh/vscode/webdev/codeigniter/code-igniter-sbadmin/public/index.php')
CRITICAL - 2023-12-06 17:05:31 --> Undefined property: CodeIgniter\View\View::$uri
in APPPATH/Views/_partials/sidebar.php on line 54.
 1 APPPATH/Views/_partials/sidebar.php(54): CodeIgniter\Debug\Exceptions->errorHandler(2, 'Undefined property: CodeIgniter\\View\\View::$uri', '/Users/macintosh/vscode/webdev/codeigniter/code-igniter-sbadmin/app/Views/_partials/sidebar.php', 54)
 2 SYSTEMPATH/View/View.php(228): include('/Users/macintosh/vscode/webdev/codeigniter/code-igniter-sbadmin/app/Views/_partials/sidebar.php')
 3 SYSTEMPATH/View/View.php(231): CodeIgniter\View\View->CodeIgniter\View\{closure}()
 4 SYSTEMPATH/Common.php(1190): CodeIgniter\View\View->render('_partials/sidebar.php', [], true)
 5 APPPATH/Views/dashboard.php(17): view('_partials/sidebar.php')
 6 SYSTEMPATH/View/View.php(228): include('/Users/macintosh/vscode/webdev/codeigniter/code-igniter-sbadmin/app/Views/dashboard.php')
 7 SYSTEMPATH/View/View.php(231): CodeIgniter\View\View->CodeIgniter\View\{closure}()
 8 SYSTEMPATH/Common.php(1190): CodeIgniter\View\View->render('dashboard', [], true)
 9 APPPATH/Controllers/Home.php(9): view('dashboard')
10 SYSTEMPATH/CodeIgniter.php(942): App\Controllers\Home->index()
11 SYSTEMPATH/CodeIgniter.php(502): CodeIgniter\CodeIgniter->runController(Object(App\Controllers\Home))
12 SYSTEMPATH/CodeIgniter.php(361): CodeIgniter\CodeIgniter->handleRequest(null, Object(Config\Cache), false)
13 FCPATH/index.php(79): CodeIgniter\CodeIgniter->run()
14 SYSTEMPATH/Commands/Server/rewrite.php(47): require_once('/Users/macintosh/vscode/webdev/codeigniter/code-igniter-sbadmin/public/index.php')
CRITICAL - 2023-12-06 17:05:31 --> Undefined property: CodeIgniter\View\View::$uri
in APPPATH/Views/_partials/sidebar.php on line 54.
 1 APPPATH/Views/_partials/sidebar.php(54): CodeIgniter\Debug\Exceptions->errorHandler(2, 'Undefined property: CodeIgniter\\View\\View::$uri', '/Users/macintosh/vscode/webdev/codeigniter/code-igniter-sbadmin/app/Views/_partials/sidebar.php', 54)
 2 SYSTEMPATH/View/View.php(228): include('/Users/macintosh/vscode/webdev/codeigniter/code-igniter-sbadmin/app/Views/_partials/sidebar.php')
 3 SYSTEMPATH/View/View.php(231): CodeIgniter\View\View->CodeIgniter\View\{closure}()
 4 SYSTEMPATH/Common.php(1190): CodeIgniter\View\View->render('_partials/sidebar.php', [], true)
 5 APPPATH/Views/dashboard.php(17): view('_partials/sidebar.php')
 6 SYSTEMPATH/View/View.php(228): include('/Users/macintosh/vscode/webdev/codeigniter/code-igniter-sbadmin/app/Views/dashboard.php')
 7 SYSTEMPATH/View/View.php(231): CodeIgniter\View\View->CodeIgniter\View\{closure}()
 8 SYSTEMPATH/Common.php(1190): CodeIgniter\View\View->render('dashboard', [], true)
 9 APPPATH/Controllers/Home.php(9): view('dashboard')
10 SYSTEMPATH/CodeIgniter.php(942): App\Controllers\Home->index()
11 SYSTEMPATH/CodeIgniter.php(502): CodeIgniter\CodeIgniter->runController(Object(App\Controllers\Home))
12 SYSTEMPATH/CodeIgniter.php(361): CodeIgniter\CodeIgniter->handleRequest(null, Object(Config\Cache), false)
13 FCPATH/index.php(79): CodeIgniter\CodeIgniter->run()
14 SYSTEMPATH/Commands/Server/rewrite.php(47): require_once('/Users/macintosh/vscode/webdev/codeigniter/code-igniter-sbadmin/public/index.php')
